 
****************************************
Report : area
Design : DLX_nbit32
Version: F-2011.09-SP3
Date   : Mon Jul 11 15:30:57 2022
****************************************

Library(s) Used:

    NangateOpenCellLibrary (File: /home/mariagrazia.graziano/do/libnangate/NangateOpenCellLibrary_typical_ecsm.db)

Number of ports:                          197
Number of nets:                           237
Number of cells:                            5
Number of combinational cells:              1
Number of sequential cells:                 0
Number of macros:                           0
Number of buf/inv:                          1
Number of references:                       5

Combinational area:       9080.974051
Noncombinational area:    6333.460204
Net Interconnect area:      undefined  (Wire load has zero net area)

Total cell area:          15414.434255
Total area:                 undefined
1
